<?xml version="1.0" encoding="UTF-8"?>
<testng-results skipped="0" failed="0" total="1" passed="1">
  <reporter-output>
  </reporter-output>
  <suite name="RegressionTest" duration-ms="8932" started-at="2016-08-16T05:04:50Z" finished-at="2016-08-16T05:04:59Z">
    <groups>
    </groups>
    <test name="TestingFirst" duration-ms="8932" started-at="2016-08-16T05:04:50Z" finished-at="2016-08-16T05:04:59Z">
      <class name="com.pack.test.Verifylogin">
        <test-method status="PASS" signature="validlogin()[pri:0, instance:com.pack.test.Verifylogin@7f560810]" name="validlogin" duration-ms="8909" started-at="2016-08-16T10:34:50Z" finished-at="2016-08-16T10:34:59Z">
          <reporter-output>
          </reporter-output>
        </test-method> <!-- validlogin -->
      </class> <!-- com.pack.test.Verifylogin -->
    </test> <!-- TestingFirst -->
  </suite> <!-- RegressionTest -->
</testng-results>
